<?xml version="1.0" encoding="UTF-8"?>
<testng-results ignored="0" total="1" passed="1" failed="0" skipped="0">
  <reporter-output>
  </reporter-output>
  <suite started-at="2021-10-17T10:59:52Z" name="Default suite" finished-at="2021-10-17T11:00:47Z" duration-ms="55363">
    <groups>
    </groups>
    <test started-at="2021-10-17T10:59:52Z" name="Default test" finished-at="2021-10-17T11:00:47Z" duration-ms="55363">
      <class name="com.TestCases.TC_1FbLoginFunction">
        <test-method is-config="true" signature="before()[pri:0, instance:com.TestCases.TC_1FbLoginFunction@17f62e33]" started-at="2021-10-17T10:59:52Z" name="before" finished-at="2021-10-17T11:00:00Z" duration-ms="7654" status="PASS">
          <reporter-output>
          </reporter-output>
        </test-method> <!-- before -->
        <test-method signature="tc_1()[pri:0, instance:com.TestCases.TC_1FbLoginFunction@17f62e33]" started-at="2021-10-17T11:00:00Z" name="tc_1" finished-at="2021-10-17T11:00:47Z" duration-ms="47399" status="PASS">
          <reporter-output>
          </reporter-output>
        </test-method> <!-- tc_1 -->
        <test-method is-config="true" signature="after()[pri:0, instance:com.TestCases.TC_1FbLoginFunction@17f62e33]" started-at="2021-10-17T11:00:47Z" name="after" finished-at="2021-10-17T11:00:47Z" duration-ms="258" status="PASS">
          <reporter-output>
          </reporter-output>
        </test-method> <!-- after -->
      </class> <!-- com.TestCases.TC_1FbLoginFunction -->
    </test> <!-- Default test -->
  </suite> <!-- Default suite -->
</testng-results>
