<?xml version="1.0" encoding="UTF-8"?>
<testng-results ignored="0" total="1" passed="1" failed="0" skipped="0">
  <reporter-output>
  </reporter-output>
  <suite started-at="2021-10-17T16:57:42Z" name="Default suite" finished-at="2021-10-17T16:58:39Z" duration-ms="57356">
    <groups>
    </groups>
    <test started-at="2021-10-17T16:57:42Z" name="Default test" finished-at="2021-10-17T16:58:39Z" duration-ms="57356">
      <class name="com.TestCases.TC_1FbLoginFunction">
        <test-method is-config="true" signature="before()[pri:0, instance:com.TestCases.TC_1FbLoginFunction@17f62e33]" started-at="2021-10-17T16:57:42Z" name="before" finished-at="2021-10-17T16:57:51Z" duration-ms="9078" status="PASS">
          <reporter-output>
          </reporter-output>
        </test-method> <!-- before -->
        <test-method signature="tc_1()[pri:0, instance:com.TestCases.TC_1FbLoginFunction@17f62e33]" started-at="2021-10-17T16:57:51Z" name="tc_1" finished-at="2021-10-17T16:58:35Z" duration-ms="44004" status="PASS">
          <reporter-output>
          </reporter-output>
        </test-method> <!-- tc_1 -->
        <test-method is-config="true" signature="after()[pri:0, instance:com.TestCases.TC_1FbLoginFunction@17f62e33]" started-at="2021-10-17T16:58:35Z" name="after" finished-at="2021-10-17T16:58:39Z" duration-ms="4240" status="PASS">
          <reporter-output>
          </reporter-output>
        </test-method> <!-- after -->
      </class> <!-- com.TestCases.TC_1FbLoginFunction -->
    </test> <!-- Default test -->
  </suite> <!-- Default suite -->
</testng-results>
